20:06:18.442 [main] INFO  io.redit.execution.RuntimeEngine - Waiting for event E1 ...
20:06:18.487 [main] INFO  com.datastax.driver.core - DataStax Java driver 3.7.0 for Apache Cassandra
20:06:18.491 [main] INFO  c.d.driver.core.GuavaCompatibility - Detected Guava >= 19 in the classpath, using modern compatibility layer
20:06:18.491 [main] DEBUG c.d.driver.core.SystemProperties - com.datastax.driver.NEW_NODE_DELAY_SECONDS is undefined, using default value 1
20:06:18.491 [main] DEBUG c.d.driver.core.SystemProperties - com.datastax.driver.NOTIF_LOCK_TIMEOUT_SECONDS is undefined, using default value 60
20:06:18.498 [main] DEBUG c.d.driver.core.SystemProperties - com.datastax.driver.USE_NATIVE_CLOCK is undefined, using default value true
20:06:18.546 [main] INFO  c.datastax.driver.core.ClockFactory - Using native clock to generate timestamps.
20:06:18.551 [main] DEBUG c.d.driver.core.SystemProperties - com.datastax.driver.NON_BLOCKING_EXECUTOR_SIZE is undefined, using default value 20
20:06:18.570 [main] DEBUG com.datastax.driver.core.Cluster - Starting new cluster with contact points [/10.2.0.3:9042]
20:06:18.585 [main] DEBUG c.d.driver.core.SystemProperties - com.datastax.driver.FORCE_NIO is undefined, using default value false
20:06:18.588 [main] WARN  com.datastax.driver.core.NettyUtil - Found Netty's native epoll transport in the classpath, but epoll is not available. Using NIO instead.
java.lang.UnsatisfiedLinkError: could not load a native library: netty_transport_native_epoll_x86_64
	at io.netty.util.internal.NativeLibraryLoader.load(NativeLibraryLoader.java:205)
	at io.netty.channel.epoll.Native.loadNativeLibrary(Native.java:219)
	at io.netty.channel.epoll.Native.<clinit>(Native.java:57)
	at io.netty.channel.epoll.Epoll.<clinit>(Epoll.java:39)
	at java.lang.Class.forName0(Native Method)
	at java.lang.Class.forName(Class.java:264)
	at com.datastax.driver.core.NettyUtil.<clinit>(NettyUtil.java:57)
	at com.datastax.driver.core.NettyOptions.eventLoopGroup(NettyOptions.java:95)
	at com.datastax.driver.core.Connection$Factory.<init>(Connection.java:926)
	at com.datastax.driver.core.Cluster$Manager.init(Cluster.java:1499)
	at com.datastax.driver.core.Cluster.init(Cluster.java:208)
	at com.datastax.driver.core.Cluster.connectAsync(Cluster.java:376)
	at com.datastax.driver.core.Cluster.connectAsync(Cluster.java:355)
	at com.datastax.driver.core.Cluster.connect(Cluster.java:305)
	at io.redit.samples.cassandra12424.SampleTest.createTable(SampleTest.java:86)
	at io.redit.samples.cassandra12424.SampleTest.lambda$testAssertionFailureInViewUpdateGenerator$0(SampleTest.java:56)
	at io.redit.execution.RuntimeEngine.enforceOrder(RuntimeEngine.java:317)
	at io.redit.execution.RuntimeEngine.enforceOrder(RuntimeEngine.java:300)
	at io.redit.samples.cassandra12424.SampleTest.testAssertionFailureInViewUpdateGenerator(SampleTest.java:55)
	at sun.reflect.NativeMethodAccessorImpl.invoke0(Native Method)
	at sun.reflect.NativeMethodAccessorImpl.invoke(NativeMethodAccessorImpl.java:62)
	at sun.reflect.DelegatingMethodAccessorImpl.invoke(DelegatingMethodAccessorImpl.java:43)
	at java.lang.reflect.Method.invoke(Method.java:498)
	at org.junit.runners.model.FrameworkMethod$1.runReflectiveCall(FrameworkMethod.java:50)
	at org.junit.internal.runners.model.ReflectiveCallable.run(ReflectiveCallable.java:12)
	at org.junit.runners.model.FrameworkMethod.invokeExplosively(FrameworkMethod.java:47)
	at org.junit.internal.runners.statements.InvokeMethod.evaluate(InvokeMethod.java:17)
	at org.junit.runners.ParentRunner.runLeaf(ParentRunner.java:325)
	at org.junit.runners.BlockJUnit4ClassRunner.runChild(BlockJUnit4ClassRunner.java:78)
	at org.junit.runners.BlockJUnit4ClassRunner.runChild(BlockJUnit4ClassRunner.java:57)
	at org.junit.runners.ParentRunner$3.run(ParentRunner.java:290)
	at org.junit.runners.ParentRunner$1.schedule(ParentRunner.java:71)
	at org.junit.runners.ParentRunner.runChildren(ParentRunner.java:288)
	at org.junit.runners.ParentRunner.access$000(ParentRunner.java:58)
	at org.junit.runners.ParentRunner$2.evaluate(ParentRunner.java:268)
	at org.junit.internal.runners.statements.RunBefores.evaluate(RunBefores.java:26)
	at org.junit.internal.runners.statements.RunAfters.evaluate(RunAfters.java:27)
	at org.junit.runners.ParentRunner.run(ParentRunner.java:363)
	at org.junit.runner.JUnitCore.run(JUnitCore.java:137)
	at com.intellij.junit4.JUnit4IdeaTestRunner.startRunnerWithArgs(JUnit4IdeaTestRunner.java:69)
	at com.intellij.rt.junit.IdeaTestRunner$Repeater$1.execute(IdeaTestRunner.java:38)
	at com.intellij.rt.execution.junit.TestsRepeater.repeat(TestsRepeater.java:11)
	at com.intellij.rt.junit.IdeaTestRunner$Repeater.startRunnerWithArgs(IdeaTestRunner.java:35)
	at com.intellij.rt.junit.JUnitStarter.prepareStreamsAndStart(JUnitStarter.java:235)
	at com.intellij.rt.junit.JUnitStarter.main(JUnitStarter.java:54)
	Suppressed: java.lang.UnsatisfiedLinkError: could not load a native library: netty_transport_native_epoll
		at io.netty.util.internal.NativeLibraryLoader.load(NativeLibraryLoader.java:205)
		at io.netty.channel.epoll.Native.loadNativeLibrary(Native.java:222)
		... 43 common frames omitted
	Caused by: java.io.FileNotFoundException: META-INF/native/libnetty_transport_native_epoll.so
		at io.netty.util.internal.NativeLibraryLoader.load(NativeLibraryLoader.java:161)
		... 44 common frames omitted
		Suppressed: java.lang.UnsatisfiedLinkError: no netty_transport_native_epoll in java.library.path
			at java.lang.ClassLoader.loadLibrary(ClassLoader.java:1860)
			at java.lang.Runtime.loadLibrary0(Runtime.java:843)
			at java.lang.System.loadLibrary(System.java:1136)
			at io.netty.util.internal.NativeLibraryUtil.loadLibrary(NativeLibraryUtil.java:38)
			at io.netty.util.internal.NativeLibraryLoader.loadLibrary(NativeLibraryLoader.java:243)
			at io.netty.util.internal.NativeLibraryLoader.load(NativeLibraryLoader.java:124)
			... 44 common frames omitted
			Suppressed: java.lang.UnsatisfiedLinkError: no netty_transport_native_epoll in java.library.path
				at java.lang.ClassLoader.loadLibrary(ClassLoader.java:1860)
				at java.lang.Runtime.loadLibrary0(Runtime.java:843)
				at java.lang.System.loadLibrary(System.java:1136)
				at io.netty.util.internal.NativeLibraryUtil.loadLibrary(NativeLibraryUtil.java:38)
				at sun.reflect.NativeMethodAccessorImpl.invoke0(Native Method)
				at sun.reflect.NativeMethodAccessorImpl.invoke(NativeMethodAccessorImpl.java:62)
				at sun.reflect.DelegatingMethodAccessorImpl.invoke(DelegatingMethodAccessorImpl.java:43)
				at java.lang.reflect.Method.invoke(Method.java:498)
				at io.netty.util.internal.NativeLibraryLoader$1.run(NativeLibraryLoader.java:263)
				at java.security.AccessController.doPrivileged(Native Method)
				at io.netty.util.internal.NativeLibraryLoader.loadLibraryByHelper(NativeLibraryLoader.java:255)
				at io.netty.util.internal.NativeLibraryLoader.loadLibrary(NativeLibraryLoader.java:233)
				... 45 common frames omitted
Caused by: java.io.FileNotFoundException: META-INF/native/libnetty_transport_native_epoll_x86_64.so
	at io.netty.util.internal.NativeLibraryLoader.load(NativeLibraryLoader.java:161)
	... 44 common frames omitted
	Suppressed: java.lang.UnsatisfiedLinkError: no netty_transport_native_epoll_x86_64 in java.library.path
		at java.lang.ClassLoader.loadLibrary(ClassLoader.java:1860)
		at java.lang.Runtime.loadLibrary0(Runtime.java:843)
		at java.lang.System.loadLibrary(System.java:1136)
		at io.netty.util.internal.NativeLibraryUtil.loadLibrary(NativeLibraryUtil.java:38)
		at io.netty.util.internal.NativeLibraryLoader.loadLibrary(NativeLibraryLoader.java:243)
		at io.netty.util.internal.NativeLibraryLoader.load(NativeLibraryLoader.java:124)
		... 44 common frames omitted
		Suppressed: java.lang.UnsatisfiedLinkError: no netty_transport_native_epoll_x86_64 in java.library.path
			at java.lang.ClassLoader.loadLibrary(ClassLoader.java:1860)
			at java.lang.Runtime.loadLibrary0(Runtime.java:843)
			at java.lang.System.loadLibrary(System.java:1136)
			at io.netty.util.internal.NativeLibraryUtil.loadLibrary(NativeLibraryUtil.java:38)
			at sun.reflect.NativeMethodAccessorImpl.invoke0(Native Method)
			at sun.reflect.NativeMethodAccessorImpl.invoke(NativeMethodAccessorImpl.java:62)
			at sun.reflect.DelegatingMethodAccessorImpl.invoke(DelegatingMethodAccessorImpl.java:43)
			at java.lang.reflect.Method.invoke(Method.java:498)
			at io.netty.util.internal.NativeLibraryLoader$1.run(NativeLibraryLoader.java:263)
			at java.security.AccessController.doPrivileged(Native Method)
			at io.netty.util.internal.NativeLibraryLoader.loadLibraryByHelper(NativeLibraryLoader.java:255)
			at io.netty.util.internal.NativeLibraryLoader.loadLibrary(NativeLibraryLoader.java:233)
			... 45 common frames omitted
20:06:18.626 [main] DEBUG c.d.driver.core.SystemProperties - com.datastax.driver.EXTENDED_PEER_CHECK is undefined, using default value true
20:06:18.655 [main] DEBUG com.datastax.driver.core.Host.STATES - [/10.2.0.3:9042] preparing to open 1 new connections, total = 1
20:06:18.656 [main] DEBUG c.d.driver.core.SystemProperties - com.datastax.driver.DISABLE_COALESCING is undefined, using default value false
20:06:18.656 [main] DEBUG c.d.driver.core.SystemProperties - com.datastax.driver.FLUSHER_SCHEDULE_PERIOD_NS is undefined, using default value 10000
20:06:18.656 [main] DEBUG c.d.driver.core.SystemProperties - com.datastax.driver.FLUSHER_RUN_WITHOUT_WORK_TIMES is undefined, using default value 5
20:06:18.689 [cluster1-nio-worker-0] DEBUG com.datastax.driver.core.Connection - Connection[/10.2.0.3:9042-1, inFlight=0, closed=false] Connection established, initializing transport
20:06:18.817 [cluster1-nio-worker-0] DEBUG c.d.driver.core.SystemProperties - com.datastax.driver.NATIVE_TRANSPORT_MAX_FRAME_SIZE_IN_MB is undefined, using default value 256
20:06:18.817 [cluster1-nio-worker-0] DEBUG com.datastax.driver.core.Host.STATES - [/10.2.0.3:9042] Connection[/10.2.0.3:9042-1, inFlight=0, closed=false] Transport initialized, connection ready
20:06:18.817 [main] DEBUG c.d.driver.core.ControlConnection - [Control connection] Refreshing node list and token map
20:06:18.844 [main] DEBUG c.d.driver.core.ControlConnection - [Control connection] Refreshing schema
20:06:18.902 [main] DEBUG com.datastax.driver.core.Host.STATES - [Control connection] established to /10.2.0.3:9042
20:06:18.902 [main] INFO  c.d.d.c.p.DCAwareRoundRobinPolicy - Using data-center name 'datacenter1' for DCAwareRoundRobinPolicy (if this is incorrect, please provide the correct datacenter name with DCAwareRoundRobinPolicy constructor)
20:06:18.902 [main] INFO  com.datastax.driver.core.Cluster - New Cassandra host /10.2.0.3:9042 added
20:06:18.904 [main] DEBUG c.d.driver.core.SystemProperties - com.datastax.driver.CHECK_IO_DEADLOCKS is undefined, using default value true
20:06:18.905 [main] DEBUG com.datastax.driver.core.Host.STATES - [/10.2.0.3:9042] preparing to open 1 new connections, total = 2
20:06:18.906 [cluster1-nio-worker-2] DEBUG com.datastax.driver.core.Connection - Connection[/10.2.0.3:9042-2, inFlight=0, closed=false] Connection established, initializing transport
20:06:18.912 [cluster1-nio-worker-2] DEBUG com.datastax.driver.core.Host.STATES - [/10.2.0.3:9042] Connection[/10.2.0.3:9042-2, inFlight=0, closed=false] Transport initialized, connection ready
20:06:18.913 [cluster1-nio-worker-2] DEBUG c.d.driver.core.HostConnectionPool - Created connection pool to host /10.2.0.3:9042 (1 connections needed, 1 successfully opened)
20:06:18.913 [cluster1-nio-worker-2] DEBUG com.datastax.driver.core.Session - Added connection pool for /10.2.0.3:9042
20:06:19.027 [cluster1-nio-worker-0] DEBUG com.datastax.driver.core.Cluster - Received event EVENT CREATED KEYSPACE likes, scheduling delivery
20:06:19.031 [cluster1-nio-worker-2] DEBUG com.datastax.driver.core.Cluster - Refreshing schema for likes
20:06:19.035 [cluster1-worker-0] DEBUG c.d.driver.core.ControlConnection - Checking for schema agreement: versions are [aeee06f0-7c24-3701-84b0-ddb07a3272d0]
20:06:19.036 [cluster1-worker-1] DEBUG c.d.driver.core.ControlConnection - [Control connection] Refreshing schema for likes
20:06:19.431 [cluster1-nio-worker-0] DEBUG com.datastax.driver.core.Cluster - Received event EVENT CREATED TABLE likes.like, scheduling delivery
20:06:19.438 [cluster1-nio-worker-2] DEBUG com.datastax.driver.core.Cluster - Refreshing schema for likes.like (TABLE)
20:06:19.444 [cluster1-worker-2] DEBUG c.d.driver.core.ControlConnection - Checking for schema agreement: versions are [292d7a4b-0677-3053-8e21-d109149948a9]
20:06:19.445 [cluster1-worker-3] DEBUG c.d.driver.core.ControlConnection - [Control connection] Refreshing schema for likes.like (TABLE)
20:06:19.452 [main] INFO  io.redit.execution.RuntimeEngine - Sending test case event E1 ...
20:06:19.669 [qtp1390835631-22] INFO  io.redit.execution.EventService - Event E1 received!
20:06:19.670 [main] INFO  io.redit.execution.RuntimeEngine - Waiting for event E2 ...
20:06:20.016 [cluster1-nio-worker-0] DEBUG com.datastax.driver.core.Cluster - Received event EVENT CREATED TABLE likes.like_valid_mv, scheduling delivery
20:06:20.018 [cluster1-nio-worker-2] DEBUG com.datastax.driver.core.Cluster - Refreshing schema for likes.like_valid_mv (TABLE)
20:06:20.020 [cluster1-worker-4] DEBUG c.d.driver.core.ControlConnection - Checking for schema agreement: versions are [0dd118c0-f028-34d3-9f3a-9590e970eb57]
20:06:20.020 [cluster1-worker-5] DEBUG c.d.driver.core.ControlConnection - [Control connection] Refreshing schema for likes.like_valid_mv (TABLE)
20:06:20.024 [main] INFO  io.redit.execution.RuntimeEngine - Sending test case event E2 ...
20:06:20.030 [qtp1390835631-35] INFO  io.redit.execution.EventService - Event E2 received!
20:06:20.031 [main] INFO  io.redit.execution.RuntimeEngine - Waiting for event E3 ...
20:06:20.039 [main] INFO  io.redit.execution.RuntimeEngine - Sending test case event E3 ...
20:06:20.043 [qtp1390835631-103] INFO  io.redit.execution.EventService - Event E3 received!
20:06:20.043 [main] INFO  io.redit.execution.RuntimeEngine - Waiting for event E4 ...
Row[34024269, 10635693, 2, Fri Jul 17 08:00:00 CST 2015, NULL]
20:06:20.049 [main] INFO  io.redit.execution.RuntimeEngine - Sending test case event E4 ...
20:06:20.053 [qtp1390835631-24] INFO  io.redit.execution.EventService - Event E4 received!
20:06:20.053 [main] INFO  io.redit.execution.RuntimeEngine - Waiting for event E5 ...
20:06:20.056 [main] INFO  io.redit.execution.RuntimeEngine - Sending test case event E5 ...
20:06:20.059 [qtp1390835631-25] INFO  io.redit.execution.EventService - Event E5 received!
20:06:20.060 [main] INFO  io.redit.execution.RuntimeEngine - Waiting for event E6 ...
20:06:20.062 [main] INFO  io.redit.execution.RuntimeEngine - Sending test case event E6 ...
20:06:20.065 [qtp1390835631-26] INFO  io.redit.execution.EventService - Event E6 received!
20:06:20.065 [main] INFO  io.redit.execution.RuntimeEngine - The run sequence is completed!
20:06:20.065 [main] INFO  i.r.s.cassandra12424.SampleTest - completed !!!
