11:25:33.896 [main] INFO  io.redit.execution.RuntimeEngine - Waiting for event E1 ...
11:25:34.051 [main] INFO  com.datastax.driver.core - DataStax Java driver 3.11.2 for Apache Cassandra
11:25:34.060 [main] INFO  c.d.driver.core.GuavaCompatibility - Detected Guava >= 19 in the classpath, using modern compatibility layer
11:25:34.061 [main] DEBUG c.d.driver.core.SystemProperties - com.datastax.driver.NEW_NODE_DELAY_SECONDS is undefined, using default value 1
11:25:34.061 [main] DEBUG c.d.driver.core.SystemProperties - com.datastax.driver.NOTIF_LOCK_TIMEOUT_SECONDS is undefined, using default value 60
11:25:34.082 [main] DEBUG c.d.driver.core.SystemProperties - com.datastax.driver.USE_NATIVE_CLOCK is undefined, using default value true
11:25:34.187 [main] INFO  c.datastax.driver.core.ClockFactory - Using native clock to generate timestamps.
11:25:34.202 [main] DEBUG c.d.driver.core.SystemProperties - com.datastax.driver.NON_BLOCKING_EXECUTOR_SIZE is undefined, using default value 2
11:25:34.248 [main] DEBUG com.datastax.driver.core.Cluster - Starting new cluster with contact points [/10.2.0.3:9042]
11:25:34.291 [main] DEBUG c.d.driver.core.SystemProperties - com.datastax.driver.FORCE_NIO is undefined, using default value false
11:25:34.297 [main] WARN  com.datastax.driver.core.NettyUtil - Found Netty's native epoll transport in the classpath, but epoll is not available. Using NIO instead.
java.lang.UnsatisfiedLinkError: could not load a native library: netty_transport_native_epoll_x86_64
	at io.netty.util.internal.NativeLibraryLoader.load(NativeLibraryLoader.java:224)
	at io.netty.channel.epoll.Native.loadNativeLibrary(Native.java:219)
	at io.netty.channel.epoll.Native.<clinit>(Native.java:57)
	at io.netty.channel.epoll.Epoll.<clinit>(Epoll.java:39)
	at java.lang.Class.forName0(Native Method)
	at java.lang.Class.forName(Class.java:264)
	at com.datastax.driver.core.NettyUtil.<clinit>(NettyUtil.java:57)
	at com.datastax.driver.core.NettyOptions.eventLoopGroup(NettyOptions.java:95)
	at com.datastax.driver.core.Connection$Factory.<init>(Connection.java:993)
	at com.datastax.driver.core.Cluster$Manager.init(Cluster.java:1665)
	at com.datastax.driver.core.Cluster.init(Cluster.java:214)
	at com.datastax.driver.core.Cluster.connectAsync(Cluster.java:387)
	at com.datastax.driver.core.Cluster.connectAsync(Cluster.java:366)
	at com.datastax.driver.core.Cluster.connect(Cluster.java:311)
	at io.redit.samples.cassandra17628.SampleTest.createTypeAndTable(SampleTest.java:89)
	at io.redit.samples.cassandra17628.SampleTest.lambda$testCQLWriteTimeAndTTLFunctions$0(SampleTest.java:54)
	at io.redit.execution.RuntimeEngine.enforceOrder(RuntimeEngine.java:317)
	at io.redit.execution.RuntimeEngine.enforceOrder(RuntimeEngine.java:300)
	at io.redit.samples.cassandra17628.SampleTest.testCQLWriteTimeAndTTLFunctions(SampleTest.java:53)
	at sun.reflect.NativeMethodAccessorImpl.invoke0(Native Method)
	at sun.reflect.NativeMethodAccessorImpl.invoke(NativeMethodAccessorImpl.java:62)
	at sun.reflect.DelegatingMethodAccessorImpl.invoke(DelegatingMethodAccessorImpl.java:43)
	at java.lang.reflect.Method.invoke(Method.java:498)
	at org.junit.runners.model.FrameworkMethod$1.runReflectiveCall(FrameworkMethod.java:50)
	at org.junit.internal.runners.model.ReflectiveCallable.run(ReflectiveCallable.java:12)
	at org.junit.runners.model.FrameworkMethod.invokeExplosively(FrameworkMethod.java:47)
	at org.junit.internal.runners.statements.InvokeMethod.evaluate(InvokeMethod.java:17)
	at org.junit.runners.ParentRunner.runLeaf(ParentRunner.java:325)
	at org.junit.runners.BlockJUnit4ClassRunner.runChild(BlockJUnit4ClassRunner.java:78)
	at org.junit.runners.BlockJUnit4ClassRunner.runChild(BlockJUnit4ClassRunner.java:57)
	at org.junit.runners.ParentRunner$3.run(ParentRunner.java:290)
	at org.junit.runners.ParentRunner$1.schedule(ParentRunner.java:71)
	at org.junit.runners.ParentRunner.runChildren(ParentRunner.java:288)
	at org.junit.runners.ParentRunner.access$000(ParentRunner.java:58)
	at org.junit.runners.ParentRunner$2.evaluate(ParentRunner.java:268)
	at org.junit.internal.runners.statements.RunBefores.evaluate(RunBefores.java:26)
	at org.junit.internal.runners.statements.RunAfters.evaluate(RunAfters.java:27)
	at org.junit.runners.ParentRunner.run(ParentRunner.java:363)
	at org.junit.runner.JUnitCore.run(JUnitCore.java:137)
	at com.intellij.junit4.JUnit4IdeaTestRunner.startRunnerWithArgs(JUnit4IdeaTestRunner.java:69)
	at com.intellij.rt.junit.IdeaTestRunner$Repeater.startRunnerWithArgs(IdeaTestRunner.java:33)
	at com.intellij.rt.junit.JUnitStarter.prepareStreamsAndStart(JUnitStarter.java:220)
	at com.intellij.rt.junit.JUnitStarter.main(JUnitStarter.java:53)
	Suppressed: java.lang.UnsatisfiedLinkError: could not load a native library: netty_transport_native_epoll
		at io.netty.util.internal.NativeLibraryLoader.load(NativeLibraryLoader.java:224)
		at io.netty.channel.epoll.Native.loadNativeLibrary(Native.java:222)
		... 41 common frames omitted
	Caused by: java.io.FileNotFoundException: META-INF/native/libnetty_transport_native_epoll.so
		at io.netty.util.internal.NativeLibraryLoader.load(NativeLibraryLoader.java:171)
		... 42 common frames omitted
		Suppressed: java.lang.UnsatisfiedLinkError: no netty_transport_native_epoll in java.library.path
			at java.lang.ClassLoader.loadLibrary(ClassLoader.java:1860)
			at java.lang.Runtime.loadLibrary0(Runtime.java:843)
			at java.lang.System.loadLibrary(System.java:1136)
			at io.netty.util.internal.NativeLibraryUtil.loadLibrary(NativeLibraryUtil.java:38)
			at io.netty.util.internal.NativeLibraryLoader.loadLibrary(NativeLibraryLoader.java:376)
			at io.netty.util.internal.NativeLibraryLoader.load(NativeLibraryLoader.java:146)
			... 42 common frames omitted
			Suppressed: java.lang.UnsatisfiedLinkError: no netty_transport_native_epoll in java.library.path
				at java.lang.ClassLoader.loadLibrary(ClassLoader.java:1860)
				at java.lang.Runtime.loadLibrary0(Runtime.java:843)
				at java.lang.System.loadLibrary(System.java:1136)
				at io.netty.util.internal.NativeLibraryUtil.loadLibrary(NativeLibraryUtil.java:38)
				at sun.reflect.NativeMethodAccessorImpl.invoke0(Native Method)
				at sun.reflect.NativeMethodAccessorImpl.invoke(NativeMethodAccessorImpl.java:62)
				at sun.reflect.DelegatingMethodAccessorImpl.invoke(DelegatingMethodAccessorImpl.java:43)
				at java.lang.reflect.Method.invoke(Method.java:498)
				at io.netty.util.internal.NativeLibraryLoader$1.run(NativeLibraryLoader.java:410)
				at java.security.AccessController.doPrivileged(Native Method)
				at io.netty.util.internal.NativeLibraryLoader.loadLibraryByHelper(NativeLibraryLoader.java:402)
				at io.netty.util.internal.NativeLibraryLoader.loadLibrary(NativeLibraryLoader.java:368)
				... 43 common frames omitted
Caused by: java.io.FileNotFoundException: META-INF/native/libnetty_transport_native_epoll_x86_64.so
	at io.netty.util.internal.NativeLibraryLoader.load(NativeLibraryLoader.java:171)
	... 42 common frames omitted
	Suppressed: java.lang.UnsatisfiedLinkError: no netty_transport_native_epoll_x86_64 in java.library.path
		at java.lang.ClassLoader.loadLibrary(ClassLoader.java:1860)
		at java.lang.Runtime.loadLibrary0(Runtime.java:843)
		at java.lang.System.loadLibrary(System.java:1136)
		at io.netty.util.internal.NativeLibraryUtil.loadLibrary(NativeLibraryUtil.java:38)
		at io.netty.util.internal.NativeLibraryLoader.loadLibrary(NativeLibraryLoader.java:376)
		at io.netty.util.internal.NativeLibraryLoader.load(NativeLibraryLoader.java:146)
		... 42 common frames omitted
		Suppressed: java.lang.UnsatisfiedLinkError: no netty_transport_native_epoll_x86_64 in java.library.path
			at java.lang.ClassLoader.loadLibrary(ClassLoader.java:1860)
			at java.lang.Runtime.loadLibrary0(Runtime.java:843)
			at java.lang.System.loadLibrary(System.java:1136)
			at io.netty.util.internal.NativeLibraryUtil.loadLibrary(NativeLibraryUtil.java:38)
			at sun.reflect.NativeMethodAccessorImpl.invoke0(Native Method)
			at sun.reflect.NativeMethodAccessorImpl.invoke(NativeMethodAccessorImpl.java:62)
			at sun.reflect.DelegatingMethodAccessorImpl.invoke(DelegatingMethodAccessorImpl.java:43)
			at java.lang.reflect.Method.invoke(Method.java:498)
			at io.netty.util.internal.NativeLibraryLoader$1.run(NativeLibraryLoader.java:410)
			at java.security.AccessController.doPrivileged(Native Method)
			at io.netty.util.internal.NativeLibraryLoader.loadLibraryByHelper(NativeLibraryLoader.java:402)
			at io.netty.util.internal.NativeLibraryLoader.loadLibrary(NativeLibraryLoader.java:368)
			... 43 common frames omitted
11:25:34.338 [main] DEBUG c.d.driver.core.SystemProperties - com.datastax.driver.EXTENDED_PEER_CHECK is undefined, using default value true
11:25:34.465 [main] DEBUG com.datastax.driver.core.Host.STATES - [/10.2.0.3:9042] preparing to open 1 new connections, total = 1
11:25:34.467 [main] DEBUG c.d.driver.core.SystemProperties - com.datastax.driver.DISABLE_COALESCING is undefined, using default value false
11:25:34.467 [main] DEBUG c.d.driver.core.SystemProperties - com.datastax.driver.FLUSHER_SCHEDULE_PERIOD_NS is undefined, using default value 10000
11:25:34.567 [cluster1-nio-worker-0] DEBUG com.datastax.driver.core.Connection - Connection[/10.2.0.3:9042-1, inFlight=0, closed=false] Connection established, initializing transport
11:25:34.616 [cluster1-nio-worker-0] DEBUG c.d.driver.core.SystemProperties - com.datastax.driver.NATIVE_TRANSPORT_MAX_FRAME_SIZE_IN_MB is undefined, using default value 256
11:25:34.618 [cluster1-nio-worker-0] DEBUG com.datastax.driver.core.Connection - [/10.2.0.3:9042] Host does not support protocol version V5
11:25:34.619 [cluster1-nio-worker-0] DEBUG com.datastax.driver.core.Connection - Connection[/10.2.0.3:9042-1, inFlight=0, closed=true] closing connection
11:25:34.619 [cluster1-nio-worker-0] DEBUG com.datastax.driver.core.Host.STATES - [/10.2.0.3:9042] Connection[/10.2.0.3:9042-1, inFlight=0, closed=true] closed, remaining = 0
11:25:34.621 [main] INFO  com.datastax.driver.core.Cluster - Cannot connect with protocol version V5, trying with V4
11:25:34.621 [main] DEBUG com.datastax.driver.core.Host.STATES - [/10.2.0.3:9042] preparing to open 1 new connections, total = 1
11:25:34.622 [cluster1-nio-worker-0] DEBUG com.datastax.driver.core.Connection - Connection[/10.2.0.3:9042-1, inFlight=0, closed=true] has already terminated
11:25:34.625 [cluster1-nio-worker-1] DEBUG com.datastax.driver.core.Connection - Connection[/10.2.0.3:9042-2, inFlight=0, closed=false] Connection established, initializing transport
11:25:34.641 [cluster1-nio-worker-1] DEBUG com.datastax.driver.core.Host.STATES - [/10.2.0.3:9042] Connection[/10.2.0.3:9042-2, inFlight=0, closed=false] Transport initialized, connection ready
11:25:34.665 [main] DEBUG c.d.driver.core.ControlConnection - [Control connection] Refreshing node list and token map
11:25:34.782 [main] DEBUG c.d.driver.core.ControlConnection - [Control connection] Refreshing schema
11:25:34.889 [main] DEBUG com.datastax.driver.core.Host.STATES - [Control connection] established to /10.2.0.3:9042
11:25:34.889 [main] INFO  c.d.d.c.p.DCAwareRoundRobinPolicy - Using data-center name 'datacenter1' for DCAwareRoundRobinPolicy (if this is incorrect, please provide the correct datacenter name with DCAwareRoundRobinPolicy constructor)
11:25:34.890 [main] INFO  com.datastax.driver.core.Cluster - New Cassandra host /10.2.0.3:9042 added
11:25:34.892 [main] DEBUG c.d.driver.core.SystemProperties - com.datastax.driver.CHECK_IO_DEADLOCKS is undefined, using default value true
11:25:34.895 [main] DEBUG com.datastax.driver.core.Host.STATES - [/10.2.0.3:9042] preparing to open 1 new connections, total = 2
11:25:34.900 [cluster1-nio-worker-2] DEBUG com.datastax.driver.core.Connection - Connection[/10.2.0.3:9042-3, inFlight=0, closed=false] Connection established, initializing transport
11:25:34.911 [cluster1-nio-worker-2] DEBUG com.datastax.driver.core.Host.STATES - [/10.2.0.3:9042] Connection[/10.2.0.3:9042-3, inFlight=0, closed=false] Transport initialized, connection ready
11:25:34.915 [cluster1-nio-worker-2] DEBUG c.d.driver.core.HostConnectionPool - Created connection pool to host /10.2.0.3:9042 (1 connections needed, 1 successfully opened)
11:25:34.915 [cluster1-nio-worker-2] DEBUG com.datastax.driver.core.Session - Added connection pool for /10.2.0.3:9042
11:25:34.972 [cluster1-nio-worker-1] DEBUG com.datastax.driver.core.Cluster - Received event EVENT CREATED KEYSPACE test, scheduling delivery
11:25:34.999 [cluster1-nio-worker-2] DEBUG com.datastax.driver.core.Cluster - Refreshing schema for test
11:25:35.007 [cluster1-worker-0] DEBUG c.d.driver.core.ControlConnection - Checking for schema agreement: versions are [6f155a34-c1f0-38b0-a2fb-b20bd233669a]
11:25:35.008 [cluster1-worker-1] DEBUG c.d.driver.core.ControlConnection - [Control connection] Refreshing schema for test
11:25:35.125 [cluster1-nio-worker-1] DEBUG com.datastax.driver.core.Cluster - Received event EVENT CREATED TYPE test.udt, scheduling delivery
11:25:35.144 [cluster1-nio-worker-2] DEBUG com.datastax.driver.core.Cluster - Refreshing schema for test.udt (TYPE)
11:25:35.148 [cluster1-worker-0] DEBUG c.d.driver.core.ControlConnection - Checking for schema agreement: versions are [13b7596c-c4fc-35fd-bea1-694ccfba8d10]
11:25:35.148 [cluster1-worker-1] DEBUG c.d.driver.core.ControlConnection - [Control connection] Refreshing schema for test.udt (TYPE)
11:25:35.295 [cluster1-nio-worker-1] DEBUG com.datastax.driver.core.Cluster - Received event EVENT CREATED TABLE test.test, scheduling delivery
11:25:35.309 [cluster1-nio-worker-2] DEBUG com.datastax.driver.core.Cluster - Refreshing schema for test.test (TABLE)
11:25:35.316 [cluster1-worker-0] DEBUG c.d.driver.core.ControlConnection - Checking for schema agreement: versions are [e28cf429-3288-3260-a1f7-f27127747721]
11:25:35.316 [cluster1-worker-1] DEBUG c.d.driver.core.ControlConnection - [Control connection] Refreshing schema for test.test (TABLE)
11:25:35.334 [main] INFO  io.redit.execution.RuntimeEngine - Sending test case event E1 ...
11:25:35.860 [qtp148912029-14] INFO  io.redit.execution.EventService - Event E1 received!
11:25:35.862 [main] INFO  io.redit.execution.RuntimeEngine - Waiting for event E2 ...
11:25:35.866 [main] INFO  i.r.s.cassandra17628.SampleTest - selectCQL: SELECT writetime(s) FROM test.test
Cannot use selection function writeTime on non-frozen collection s
11:25:35.870 [main] INFO  io.redit.execution.RuntimeEngine - Sending test case event E2 ...
11:25:35.878 [qtp148912029-16] INFO  io.redit.execution.EventService - Event E2 received!
11:25:35.878 [main] INFO  io.redit.execution.RuntimeEngine - Waiting for event E3 ...
11:25:35.880 [main] INFO  i.r.s.cassandra17628.SampleTest - selectCQL: SELECT writetime(st) FROM test.test
Undefined column name st
11:25:35.882 [main] INFO  io.redit.execution.RuntimeEngine - Sending test case event E3 ...
11:25:35.886 [qtp148912029-14] INFO  io.redit.execution.EventService - Event E3 received!
11:25:35.888 [main] INFO  io.redit.execution.RuntimeEngine - Waiting for event E4 ...
11:25:35.889 [main] INFO  i.r.s.cassandra17628.SampleTest - selectCQL: SELECT writetime(t) FROM test.test
Cannot use selection function writeTime on non-frozen UDT t
11:25:35.891 [main] INFO  io.redit.execution.RuntimeEngine - Sending test case event E4 ...
11:25:35.896 [qtp148912029-14] INFO  io.redit.execution.EventService - Event E4 received!
11:25:35.897 [main] INFO  io.redit.execution.RuntimeEngine - Waiting for event E5 ...
11:25:35.898 [main] INFO  i.r.s.cassandra17628.SampleTest - selectCQL: SELECT writetime(ft) FROM test.test
11:25:35.915 [main] INFO  io.redit.execution.RuntimeEngine - Sending test case event E5 ...
11:25:35.920 [qtp148912029-16] INFO  io.redit.execution.EventService - Event E5 received!
11:25:35.921 [main] INFO  io.redit.execution.RuntimeEngine - The run sequence is completed!
11:25:35.921 [main] INFO  i.r.s.cassandra17628.SampleTest - completed !!!
